This is pdfTeX, Version 3.14159265-2.6-1.40.15 (TeX Live 2014) (preloaded format=latex 2014.10.31)  1 OCT 2015 13:31
entering extended mode
 restricted \write18 enabled.
 %&-line parsing enabled.
**\makeatletter\def\HCode{\futurelet\HCode\HChar}\def\HChar{\ifx"\HCode\def\HCo
de"##1"{\Link##1}\expandafter\HCode\else\expandafter\Link\fi}\def\Link#1.a.b.c.
{\g@addto@macro\@documentclasshook{\RequirePackage[#1,html]{tex4ht}}\let\HCode\
documentstyle\def\documentstyle{\let\documentstyle\HCode\expandafter\def\csname
 tex4ht\endcsname{#1,html}\def\HCode####1{\documentstyle[tex4ht,}\@ifnextchar[{
\HCode}{\documentstyle[tex4ht]}}}\makeatother\HCode .a.b.c.\input  fussy
(./fussy.tex
(/home/local/Linux/rhel6/x86_64/stow/texlive2014-20140525/texlive/2014/texmf-di
st/tex/latex/base/article.cls
Document Class: article 2007/10/19 v1.4h Standard LaTeX document class

(/home/local/Linux/rhel6/x86_64/stow/texlive2014-20140525/texlive/2014/texmf-di
st/tex/latex/base/size12.clo
File: size12.clo 2007/10/19 v1.4h Standard LaTeX file (size option)
)
\c@part=\count79
\c@section=\count80
\c@subsection=\count81
\c@subsubsection=\count82
\c@paragraph=\count83
\c@subparagraph=\count84
\c@figure=\count85
\c@table=\count86
\abovecaptionskip=\skip41
\belowcaptionskip=\skip42
\bibindent=\dimen102
)
(/home/local/Linux/rhel6/x86_64/stow/texlive2014-20140525/texlive/2014/texmf-di
st/tex/generic/tex4ht/tex4ht.sty
version 2008-10-27-17:23
Package: tex4ht 
--------------------------------------
--- Note --- for _ at preamble, use the command line option `early_'
--------------------------------------
--------------------------------------
--- Note --- for ^ at preamble, use the command line option `early^'
--------------------------------------
\tmp:toks=\toks14
)
(/home/local/Linux/rhel6/x86_64/stow/texlive2014-20140525/texlive/2014/texmf-di
st/tex/generic/tex4ht/usepackage.4ht
version 2009-05-21-09:32
)
(/home/local/Linux/rhel6/x86_64/stow/texlive2014-20140525/texlive/2014/texmf-di
st/tex/generic/oberdiek/ifpdf.sty
Package: ifpdf 2011/01/30 v2.3 Provides the ifpdf switch (HO)
Package ifpdf Info: pdfTeX in PDF mode is not detected.
)
(/home/local/Linux/rhel6/x86_64/stow/texlive2014-20140525/texlive/2014/texmf-di
st/tex/latex/amsmath/amsmath.sty
Package: amsmath 2013/01/14 v2.14 AMS math features
\@mathmargin=\skip43

For additional information on amsmath, use the `?' option.

(/home/local/Linux/rhel6/x86_64/stow/texlive2014-20140525/texlive/2014/texmf-di
st/tex/latex/amsmath/amstext.sty
Package: amstext 2000/06/29 v2.01

(/home/local/Linux/rhel6/x86_64/stow/texlive2014-20140525/texlive/2014/texmf-di
st/tex/latex/amsmath/amsgen.sty
File: amsgen.sty 1999/11/30 v2.0
\@emptytoks=\toks15
\ex@=\dimen103
))
(/home/local/Linux/rhel6/x86_64/stow/texlive2014-20140525/texlive/2014/texmf-di
st/tex/latex/amsmath/amsbsy.sty
Package: amsbsy 1999/11/29 v1.2d
\pmbraise@=\dimen104
)
(/home/local/Linux/rhel6/x86_64/stow/texlive2014-20140525/texlive/2014/texmf-di
st/tex/latex/amsmath/amsopn.sty
Package: amsopn 1999/12/14 v2.01 operator names
)
\inf@bad=\count87
LaTeX Info: Redefining \frac on input line 210.
\uproot@=\count88
\leftroot@=\count89
LaTeX Info: Redefining \overline on input line 306.
\classnum@=\count90
\DOTSCASE@=\count91
LaTeX Info: Redefining \ldots on input line 378.
LaTeX Info: Redefining \dots on input line 381.
LaTeX Info: Redefining \cdots on input line 466.
\Mathstrutbox@=\box26
\strutbox@=\box27
\big@size=\dimen105
LaTeX Font Info:    Redeclaring font encoding OML on input line 566.
LaTeX Font Info:    Redeclaring font encoding OMS on input line 567.
\macc@depth=\count92
\c@MaxMatrixCols=\count93
\dotsspace@=\muskip10
\c@parentequation=\count94
\dspbrk@lvl=\count95
\tag@help=\toks16
\row@=\count96
\column@=\count97
\maxfields@=\count98
\andhelp@=\toks17
\eqnshift@=\dimen106
\alignsep@=\dimen107
\tagshift@=\dimen108
\tagwidth@=\dimen109
\totwidth@=\dimen110
\lineht@=\dimen111
\@envbody=\toks18
\multlinegap=\skip44
\multlinetaggap=\skip45
\mathdisplay@stack=\toks19
LaTeX Info: Redefining \[ on input line 2665.
LaTeX Info: Redefining \] on input line 2666.
)
(/home/local/Linux/rhel6/x86_64/stow/texlive2014-20140525/texlive/2014/texmf-di
st/tex/latex/graphics/graphicx.sty
Package: graphicx 2014/04/25 v1.0g Enhanced LaTeX Graphics (DPC,SPQR)

(/home/local/Linux/rhel6/x86_64/stow/texlive2014-20140525/texlive/2014/texmf-di
st/tex/latex/graphics/keyval.sty
Package: keyval 2014/05/08 v1.15 key=value parser (DPC)
\KV@toks@=\toks20
)
(/home/local/Linux/rhel6/x86_64/stow/texlive2014-20140525/texlive/2014/texmf-di
st/tex/latex/graphics/graphics.sty
Package: graphics 2009/02/05 v1.0o Standard LaTeX Graphics (DPC,SPQR)

(/home/local/Linux/rhel6/x86_64/stow/texlive2014-20140525/texlive/2014/texmf-di
st/tex/latex/graphics/trig.sty
Package: trig 1999/03/16 v1.09 sin cos tan (DPC)
)
(/home/local/Linux/rhel6/x86_64/stow/texlive2014-20140525/texlive/2014/texmf-di
st/tex/latex/latexconfig/graphics.cfg
File: graphics.cfg 2010/04/23 v1.9 graphics configuration of TeX Live
)
Package graphics Info: Driver file: dvips.def on input line 91.

(/home/local/Linux/rhel6/x86_64/stow/texlive2014-20140525/texlive/2014/texmf-di
st/tex/latex/graphics/dvips.def
File: dvips.def 2014/04/23 v3.0j Driver-dependant file (DPC,SPQR)
))
\Gin@req@height=\dimen112
\Gin@req@width=\dimen113
)
(/home/local/Linux/rhel6/x86_64/stow/texlive2014-20140525/texlive/2014/texmf-di
st/tex/latex/graphics/color.sty
Package: color 2014/04/23 v1.1a Standard LaTeX Color (DPC)

(/home/local/Linux/rhel6/x86_64/stow/texlive2014-20140525/texlive/2014/texmf-di
st/tex/latex/latexconfig/color.cfg
File: color.cfg 2007/01/18 v1.5 color configuration of teTeX/TeXLive
)
Package color Info: Driver file: dvips.def on input line 137.

(/home/local/Linux/rhel6/x86_64/stow/texlive2014-20140525/texlive/2014/texmf-di
st/tex/latex/graphics/dvipsnam.def
File: dvipsnam.def 2014/04/23 v3.0j Driver-dependant file (DPC,SPQR)
))
(/home/local/Linux/rhel6/x86_64/stow/texlive2014-20140525/texlive/2014/texmf-di
st/tex/latex/psnfss/palatino.sty
Package: palatino 2005/04/12 PSNFSS-v9.2a (SPQR) 
)
(/home/local/Linux/rhel6/x86_64/stow/texlive2014-20140525/texlive/2014/texmf-di
st/tex/latex/natbib/natbib.sty
Package: natbib 2010/09/13 8.31b (PWD, AO)
\bibhang=\skip46
\bibsep=\skip47
LaTeX Info: Redefining \cite on input line 694.
\c@NAT@ctr=\count99
)
(/home/local/Linux/rhel6/x86_64/stow/texlive2014-20140525/texlive/2014/texmf-di
st/tex/latex/marvosym/marvosym.sty
Package: marvosym 2011/07/20 v2.2 Martin Vogel's Symbols font definitions
)
(/home/local/Linux/rhel6/x86_64/stow/texlive2014-20140525/texlive/2014/texmf-di
st/tex/latex/xcolor/xcolor.sty
Package: xcolor 2007/01/21 v2.11 LaTeX color extensions (UK)

(/home/local/Linux/rhel6/x86_64/stow/texlive2014-20140525/texlive/2014/texmf-di
st/tex/latex/latexconfig/color.cfg
File: color.cfg 2007/01/18 v1.5 color configuration of teTeX/TeXLive
)
Package xcolor Info: Driver file: dvips.def on input line 225.
LaTeX Info: Redefining \color on input line 702.
Package xcolor Info: Model `cmy' substituted by `cmy0' on input line 1337.
Package xcolor Info: Model `RGB' extended on input line 1353.
Package xcolor Info: Model `HTML' substituted by `rgb' on input line 1355.
Package xcolor Info: Model `Hsb' substituted by `hsb' on input line 1356.
Package xcolor Info: Model `tHsb' substituted by `hsb' on input line 1357.
Package xcolor Info: Model `HSB' substituted by `hsb' on input line 1358.
Package xcolor Info: Model `Gray' substituted by `gray' on input line 1359.
Package xcolor Info: Model `wave' substituted by `hsb' on input line 1360.
)
(/home/local/Linux/rhel6/x86_64/stow/texlive2014-20140525/texlive/2014/texmf-di
st/tex/latex/hyperref/hyperref.sty
Package: hyperref 2012/11/06 v6.83m Hypertext links for LaTeX

(/home/local/Linux/rhel6/x86_64/stow/texlive2014-20140525/texlive/2014/texmf-di
st/tex/generic/oberdiek/hobsub-hyperref.sty
Package: hobsub-hyperref 2012/05/28 v1.13 Bundle oberdiek, subset hyperref (HO)


(/home/local/Linux/rhel6/x86_64/stow/texlive2014-20140525/texlive/2014/texmf-di
st/tex/generic/oberdiek/hobsub-generic.sty
Package: hobsub-generic 2012/05/28 v1.13 Bundle oberdiek, subset generic (HO)
Package: hobsub 2012/05/28 v1.13 Construct package bundles (HO)
Package: infwarerr 2010/04/08 v1.3 Providing info/warning/error messages (HO)
Package: ltxcmds 2011/11/09 v1.22 LaTeX kernel commands for general use (HO)
Package: ifluatex 2010/03/01 v1.3 Provides the ifluatex switch (HO)
Package ifluatex Info: LuaTeX not detected.
Package: ifvtex 2010/03/01 v1.5 Detect VTeX and its facilities (HO)
Package ifvtex Info: VTeX not detected.
Package: intcalc 2007/09/27 v1.1 Expandable calculations with integers (HO)
Package hobsub Info: Skipping package `ifpdf' (already loaded).
Package: etexcmds 2011/02/16 v1.5 Avoid name clashes with e-TeX commands (HO)
Package etexcmds Info: Could not find \expanded.
(etexcmds)             That can mean that you are not using pdfTeX 1.50 or
(etexcmds)             that some package has redefined \expanded.
(etexcmds)             In the latter case, load this package earlier.
Package: kvsetkeys 2012/04/25 v1.16 Key value parser (HO)
Package: kvdefinekeys 2011/04/07 v1.3 Define keys (HO)
Package: pdftexcmds 2011/11/29 v0.20 Utility functions of pdfTeX for LuaTeX (HO
)
Package pdftexcmds Info: LuaTeX not detected.
Package pdftexcmds Info: \pdf@primitive is available.
Package pdftexcmds Info: \pdf@ifprimitive is available.
Package pdftexcmds Info: \pdfdraftmode is ignored in DVI mode.
Package: pdfescape 2011/11/25 v1.13 Implements pdfTeX's escape features (HO)
Package: bigintcalc 2012/04/08 v1.3 Expandable calculations on big integers (HO
)
Package: bitset 2011/01/30 v1.1 Handle bit-vector datatype (HO)
Package: uniquecounter 2011/01/30 v1.2 Provide unlimited unique counter (HO)
)
Package hobsub Info: Skipping package `hobsub' (already loaded).
Package: letltxmacro 2010/09/02 v1.4 Let assignment for LaTeX macros (HO)
Package: hopatch 2012/05/28 v1.2 Wrapper for package hooks (HO)
Package: xcolor-patch 2011/01/30 xcolor patch
Package: atveryend 2011/06/30 v1.8 Hooks at the very end of document (HO)
Package atveryend Info: \enddocument detected (standard20110627).
Package: atbegshi 2011/10/05 v1.16 At begin shipout hook (HO)
Package: refcount 2011/10/16 v3.4 Data extraction from label references (HO)
Package: hycolor 2011/01/30 v1.7 Color options for hyperref/bookmark (HO)
)
(/home/local/Linux/rhel6/x86_64/stow/texlive2014-20140525/texlive/2014/texmf-di
st/tex/generic/ifxetex/ifxetex.sty
Package: ifxetex 2010/09/12 v0.6 Provides ifxetex conditional
)
(/home/local/Linux/rhel6/x86_64/stow/texlive2014-20140525/texlive/2014/texmf-di
st/tex/latex/oberdiek/auxhook.sty
Package: auxhook 2011/03/04 v1.3 Hooks for auxiliary files (HO)


Package auxhook Warning: Cannot patch \document,
(auxhook)                using \AtBeginDocument instead.

)
(/home/local/Linux/rhel6/x86_64/stow/texlive2014-20140525/texlive/2014/texmf-di
st/tex/latex/oberdiek/kvoptions.sty
Package: kvoptions 2011/06/30 v3.11 Key value format for package options (HO)
)
\@linkdim=\dimen114
\Hy@linkcounter=\count100
\Hy@pagecounter=\count101

(/home/local/Linux/rhel6/x86_64/stow/texlive2014-20140525/texlive/2014/texmf-di
st/tex/latex/hyperref/pd1enc.def
File: pd1enc.def 2012/11/06 v6.83m Hyperref: PDFDocEncoding definition (HO)
)
\Hy@SavedSpaceFactor=\count102

(/home/local/Linux/rhel6/x86_64/stow/texlive2014-20140525/texlive/2014/texmf-di
st/tex/latex/latexconfig/hyperref.cfg
File: hyperref.cfg 2002/06/06 v1.2 hyperref configuration of TeXLive
)
Package hyperref Info: Option `colorlinks' set `true' on input line 4319.
Package hyperref Info: Option `breaklinks' set `true' on input line 4319.
Package hyperref Info: Option `colorlinks' set `true' on input line 4319.
Package hyperref Info: Hyper figures OFF on input line 4443.
Package hyperref Info: Link nesting OFF on input line 4448.
Package hyperref Info: Hyper index ON on input line 4451.
Package hyperref Info: Plain pages OFF on input line 4458.
Package hyperref Info: Backreferencing OFF on input line 4463.
Package hyperref Info: Implicit mode ON; LaTeX internals redefined.
Package hyperref Info: Bookmarks ON on input line 4688.
\c@Hy@tempcnt=\count103

(/home/local/Linux/rhel6/x86_64/stow/texlive2014-20140525/texlive/2014/texmf-di
st/tex/latex/url/url.sty
\Urlmuskip=\muskip11
Package: url 2013/09/16  ver 3.4  Verb mode for urls, etc.
)
LaTeX Info: Redefining \url on input line 5041.
\XeTeXLinkMargin=\dimen115
\Fld@menulength=\count104
\Field@Width=\dimen116
\Fld@charsize=\dimen117
\Field@toks=\toks21
Package hyperref Info: Hyper figures OFF on input line 6295.
Package hyperref Info: Link nesting OFF on input line 6300.
Package hyperref Info: Hyper index ON on input line 6303.
Package hyperref Info: backreferencing OFF on input line 6310.
Package hyperref Info: Link coloring ON on input line 6313.
Package hyperref Info: Link coloring with OCG OFF on input line 6320.
Package hyperref Info: PDF/A mode OFF on input line 6325.
LaTeX Info: Redefining \ref on input line 6365.
LaTeX Info: Redefining \pageref on input line 6369.
\Hy@abspage=\count105


Package hyperref Message: Stopped early.

)

Package hyperref Message: Driver: htex4ht.


(/home/local/Linux/rhel6/x86_64/stow/texlive2014-20140525/texlive/2014/texmf-di
st/tex/latex/hyperref/htex4ht.def
File: htex4ht.def 2012/11/06 v6.83m Hyperref driver for TeX4ht
Package hyperref Info: tex4ht is already loaded.
)
(/home/local/Linux/rhel6/x86_64/stow/texlive2014-20140525/texlive/2014/texmf-di
st/tex/generic/tex4ht/tex4ht.4ht
version 2009-01-07-07:11
--------------------------------------
--- Note --- for additional information, use the command line option `info'
--------------------------------------

::::::::::::::::::::::::::::::::::::::::::
 TeX4ht info is available in the log file 
::::::::::::::::::::::::::::::::::::::::::
)
(/home/local/Linux/rhel6/x86_64/stow/texlive2014-20140525/texlive/2014/texmf-di
st/tex/generic/tex4ht/tex4ht.sty
version 2008-10-27-17:23

--- needs --- tex4ht fussy ---
\tmp:cnt=\count106
\openout15 = `fussy.tmp'.

(./fussy.tmp)
\tmp:dim=\skip48
--------------------------------------
--- Note --- for XML code, use the command line option `xml' or `xhtml'
--------------------------------------
 (./fussy.xref)
\:refout=\write3
\openout3 = `fussy.xref'.


(/home/local/Linux/rhel6/x86_64/stow/texlive2014-20140525/texlive/2014/texmf-di
st/tex/generic/tex4ht/html4.4ht
--------------------------------------
--- Note --- to remove the <?xml version=...?> processing instruction use the c
ommand line option `no-VERSION'
--------------------------------------
--------------------------------------
--- Note --- to remove the DOCTYPE declaration use the command line option `no-
DOCTYPE'
--------------------------------------
)
(/home/local/Linux/rhel6/x86_64/stow/texlive2014-20140525/texlive/2014/texmf-di
st/tex/generic/tex4ht/html4-math.4ht
version 2009-05-18-23:01
)
--------------------------------------
--- Note --- for marking of the base font, use the command line option `fonts+'

--------------------------------------
--------------------------------------
--- Note --- for non active _, use the command line option `no_'
--------------------------------------
--------------------------------------
--- Note --- for _ of catcode 13, use the command line option `_13'
--------------------------------------
--------------------------------------
--- Note --- for non active ^, use the command line option `no^'
--------------------------------------
--------------------------------------
--- Note --- for ^ of catcode 13, use the command line option `^13'
--------------------------------------

(/home/local/Linux/rhel6/x86_64/stow/texlive2014-20140525/texlive/2014/texmf-di
st/tex/generic/tex4ht/html4.4ht
--------------------------------------
--- Note --- for alternative charset, use the command line option `charset=...'

--------------------------------------
--------------------------------------
--- Note --- to ignore CSS font decoration, use the `NoFonts' command line opti
on
--------------------------------------
--------------------------------------
--- Note --- for jpg bitmaps of pictures, use the `jpg' command line option. (C
haracter bitmaps are controled only by `g' records of tex4ht.env and `-g' switc
hes of tex4ht.c) 
--------------------------------------
--------------------------------------
--- Note --- for gif bitmaps of pictures, use the `gif' command line option. (C
haracter bitmaps are controled only by `g' records of tex4ht.env and `-g' switc
hes of tex4ht.c) 
--------------------------------------
--------------------------------------
--- Note --- for content and toc in 2 frames, use the command line option `fram
es'
--------------------------------------
--------------------------------------
--- Note --- for content, toc, and footnotes in 3 frames, use the command line 
option `frames-fn'
--------------------------------------
--------------------------------------
--- Note --- for file extension name xht, use the command line option `xht'
--------------------------------------
TeX4ht package options: html
--------------------------------------
--- Note --- to ignore CSS code, use the command line option `-css
--------------------------------------
--------------------------------------
--- Note --- for inline CSS code, use the command line option `css-in'
--------------------------------------
--------------------------------------
--- Note --- for pop ups on mouse over, use the command line option `mouseover'

--------------------------------------
--------------------------------------
--- Note --- for addressing images in a subdirectory, use the command line opti
on `imgdir:.../'
--------------------------------------
)
(/home/local/Linux/rhel6/x86_64/stow/texlive2014-20140525/texlive/2014/texmf-di
st/tex/generic/tex4ht/html4-math.4ht
version 2009-05-18-23:01
)
\:tokwrite=\toks22
\:tokpage=\toks23
--------------------------------------
--- Note --- for back links to toc, use the command line option `sections+'
--------------------------------------
--------------------------------------
--- Note --- for linear crosslinks of pages, use the command line option `next'

--------------------------------------
\openout15 = `fussy.4ct'.

\:tocout=\write4
\openout4 = `fussy.4tc'.


(/home/local/Linux/rhel6/x86_64/stow/texlive2014-20140525/texlive/2014/texmf-di
st/tex/generic/tex4ht/html4.4ht)
(/home/local/Linux/rhel6/x86_64/stow/texlive2014-20140525/texlive/2014/texmf-di
st/tex/generic/tex4ht/html4-math.4ht
version 2009-05-18-23:01
)
(/home/local/Linux/rhel6/x86_64/stow/texlive2014-20140525/texlive/2014/texmf-di
st/tex/generic/tex4ht/latex.4ht
version 2009-05-21-09:32
--------------------------------------
--- Note --- for links into captions, instead of float heads, use the command l
ine option `refcaption'
--------------------------------------

(/home/local/Linux/rhel6/x86_64/stow/texlive2014-20140525/texlive/2014/texmf-di
st/tex/generic/tex4ht/html4.4ht
--------------------------------------
--- Note --- For mini tocs immediately aftter the header use the command line o
ption `minitoc<'
--------------------------------------
--------------------------------------
--- Note --- for enumerated list elements with valued data, use the command lin
e option `enumerate+'
--------------------------------------
--------------------------------------
--- Note --- for enumerated list elements li's with value attributes, use the c
ommand line option `enumerate-'
--------------------------------------
--------------------------------------
--- Note --- for CSS2 code, use the command line option `css2'
--------------------------------------
--------------------------------------
--- Note --- for pictorial tabular, use the command line option `pic-tabular'
--------------------------------------
--------------------------------------
--- Note --- for bitmap fbox'es, use the command line option `pic-fbox'
--------------------------------------
--------------------------------------
--- Note --- for bitmap framebox'es, use the command line option `pic-framebox'

--------------------------------------
--------------------------------------
--- Note --- for inline footnotes use command line option `fn-in'
--------------------------------------
--------------------------------------
--- Note --- for tracing of latex font commands, use the command line option `f
onts'
--------------------------------------
--------------------------------------
--- Note --- for width specifications of tabular p entries, use the `p-width' c
ommand line option or a configuration similar to \Configure{HColWidth}{\HCode{ 
style="width:\HColWidth"}}
--------------------------------------
)
(/home/local/Linux/rhel6/x86_64/stow/texlive2014-20140525/texlive/2014/texmf-di
st/tex/generic/tex4ht/html4-math.4ht
version 2009-05-18-23:01
--------------------------------------
--- Note --- for pictorial eqnarray, use the command line option `pic-eqnarray'

--------------------------------------
--------------------------------------
--- Note --- for pictorial array, use the command line option `pic-array'
--------------------------------------
--------------------------------------
--- Note --- for pictorial $...$ environments, use the command line option `pic
-m' (not recommended!!)
--------------------------------------
--------------------------------------
--- Note --- for pictorial $...$ and $$...$$ environments with latex alt, use t
he command line option `pic-m+' (not safe!!)
--------------------------------------
--------------------------------------
--- Note --- for pictorial array, use the command line option `pic-array'
--------------------------------------
))
(/home/local/Linux/rhel6/x86_64/stow/texlive2014-20140525/texlive/2014/texmf-di
st/tex/generic/tex4ht/fontmath.4ht
version 2009-05-21-09:32

(/home/local/Linux/rhel6/x86_64/stow/texlive2014-20140525/texlive/2014/texmf-di
st/tex/generic/tex4ht/html4.4ht)
(/home/local/Linux/rhel6/x86_64/stow/texlive2014-20140525/texlive/2014/texmf-di
st/tex/generic/tex4ht/html4-math.4ht
version 2009-05-18-23:01
))
(/home/local/Linux/rhel6/x86_64/stow/texlive2014-20140525/texlive/2014/texmf-di
st/tex/generic/tex4ht/article.4ht
version 2009-05-21-09:32

(/home/local/Linux/rhel6/x86_64/stow/texlive2014-20140525/texlive/2014/texmf-di
st/tex/generic/tex4ht/html4.4ht
--------------------------------------
--- Note --- for automatic sectioning pagination, use the command line option `
1', `2', `3', '4', '5', '6', or '7'
--------------------------------------
--------------------------------------
--- Note --- for files named derived from section titles, use the command line 
option `sec-filename'
--------------------------------------
--------------------------------------
--- Note --- for i-columns index, use the command line option `index=i' (e.g., 
index=2)
--------------------------------------
)
(/home/local/Linux/rhel6/x86_64/stow/texlive2014-20140525/texlive/2014/texmf-di
st/tex/generic/tex4ht/html4-math.4ht
version 2009-05-18-23:01
))
(/home/local/Linux/rhel6/x86_64/stow/texlive2014-20140525/texlive/2014/texmf-di
st/tex/generic/tex4ht/amsmath.4ht
version 2009-05-21-09:32
\tmp:muskip=\muskip12

(/home/local/Linux/rhel6/x86_64/stow/texlive2014-20140525/texlive/2014/texmf-di
st/tex/generic/tex4ht/html4.4ht)
(/home/local/Linux/rhel6/x86_64/stow/texlive2014-20140525/texlive/2014/texmf-di
st/tex/generic/tex4ht/html4-math.4ht
version 2009-05-18-23:01
))
(/home/local/Linux/rhel6/x86_64/stow/texlive2014-20140525/texlive/2014/texmf-di
st/tex/generic/tex4ht/amstext.4ht
version 2009-05-21-09:32

(/home/local/Linux/rhel6/x86_64/stow/texlive2014-20140525/texlive/2014/texmf-di
st/tex/generic/tex4ht/html4.4ht)
(/home/local/Linux/rhel6/x86_64/stow/texlive2014-20140525/texlive/2014/texmf-di
st/tex/generic/tex4ht/html4-math.4ht
version 2009-05-18-23:01
))
(/home/local/Linux/rhel6/x86_64/stow/texlive2014-20140525/texlive/2014/texmf-di
st/tex/generic/tex4ht/amsbsy.4ht
version 2009-05-21-09:32

(/home/local/Linux/rhel6/x86_64/stow/texlive2014-20140525/texlive/2014/texmf-di
st/tex/generic/tex4ht/html4.4ht)
(/home/local/Linux/rhel6/x86_64/stow/texlive2014-20140525/texlive/2014/texmf-di
st/tex/generic/tex4ht/html4-math.4ht
version 2009-05-18-23:01
))
(/home/local/Linux/rhel6/x86_64/stow/texlive2014-20140525/texlive/2014/texmf-di
st/tex/generic/tex4ht/amsopn.4ht
version 2009-05-21-09:32

(/home/local/Linux/rhel6/x86_64/stow/texlive2014-20140525/texlive/2014/texmf-di
st/tex/generic/tex4ht/html4.4ht)
(/home/local/Linux/rhel6/x86_64/stow/texlive2014-20140525/texlive/2014/texmf-di
st/tex/generic/tex4ht/html4-math.4ht
version 2009-05-18-23:01
))
(/home/local/Linux/rhel6/x86_64/stow/texlive2014-20140525/texlive/2014/texmf-di
st/tex/generic/tex4ht/graphicx.4ht
version 2009-05-21-09:32

(/home/local/Linux/rhel6/x86_64/stow/texlive2014-20140525/texlive/2014/texmf-di
st/tex/generic/tex4ht/html4.4ht)
(/home/local/Linux/rhel6/x86_64/stow/texlive2014-20140525/texlive/2014/texmf-di
st/tex/generic/tex4ht/html4-math.4ht
version 2009-05-18-23:01
))
(/home/local/Linux/rhel6/x86_64/stow/texlive2014-20140525/texlive/2014/texmf-di
st/tex/generic/tex4ht/graphics.4ht
version 2009-05-21-09:32

(/home/local/Linux/rhel6/x86_64/stow/texlive2014-20140525/texlive/2014/texmf-di
st/tex/generic/tex4ht/html4.4ht
--------------------------------------
--- Note --- if included graphics are of degraded quality, try the command line
 options `graphics-num' or `graphics-'. The `num' should provide the density of
 pixels in the bitmaps (e.g., 110). 
--------------------------------------
--------------------------------------
--- Note --- for key dimensions try the option `Gin-dim'; for key dimensions wh
en bounding box is unavailable try `Gin-dim+'; neither is recommended
--------------------------------------
)
(/home/local/Linux/rhel6/x86_64/stow/texlive2014-20140525/texlive/2014/texmf-di
st/tex/generic/tex4ht/html4-math.4ht
version 2009-05-18-23:01
))
(/home/local/Linux/rhel6/x86_64/stow/texlive2014-20140525/texlive/2014/texmf-di
st/tex/generic/tex4ht/dvips.4ht
version 2009-05-21-09:32

(/home/local/Linux/rhel6/x86_64/stow/texlive2014-20140525/texlive/2014/texmf-di
st/tex/generic/tex4ht/html4.4ht)
(/home/local/Linux/rhel6/x86_64/stow/texlive2014-20140525/texlive/2014/texmf-di
st/tex/generic/tex4ht/html4-math.4ht
version 2009-05-18-23:01
))
(/home/local/Linux/rhel6/x86_64/stow/texlive2014-20140525/texlive/2014/texmf-di
st/tex/generic/tex4ht/color.4ht
version 2009-05-21-09:32

(/home/local/Linux/rhel6/x86_64/stow/texlive2014-20140525/texlive/2014/texmf-di
st/tex/generic/tex4ht/html4.4ht)
(/home/local/Linux/rhel6/x86_64/stow/texlive2014-20140525/texlive/2014/texmf-di
st/tex/generic/tex4ht/html4-math.4ht
version 2009-05-18-23:01
))
(/home/local/Linux/rhel6/x86_64/stow/texlive2014-20140525/texlive/2014/texmf-di
st/tex/generic/tex4ht/dvipsnam.4ht
version 2009-05-21-09:32

(/home/local/Linux/rhel6/x86_64/stow/texlive2014-20140525/texlive/2014/texmf-di
st/tex/latex/graphics/dvipsnam.def)
(/home/local/Linux/rhel6/x86_64/stow/texlive2014-20140525/texlive/2014/texmf-di
st/tex/generic/tex4ht/html4.4ht)
(/home/local/Linux/rhel6/x86_64/stow/texlive2014-20140525/texlive/2014/texmf-di
st/tex/generic/tex4ht/html4-math.4ht
version 2009-05-18-23:01
))
(/home/local/Linux/rhel6/x86_64/stow/texlive2014-20140525/texlive/2014/texmf-di
st/tex/generic/tex4ht/natbib.4ht
version 2013-01-19-12:33

(/home/local/Linux/rhel6/x86_64/stow/texlive2014-20140525/texlive/2014/texmf-di
st/tex/generic/tex4ht/html4.4ht)
(/home/local/Linux/rhel6/x86_64/stow/texlive2014-20140525/texlive/2014/texmf-di
st/tex/generic/tex4ht/html4-math.4ht
version 2009-05-18-23:01
))
(/home/local/Linux/rhel6/x86_64/stow/texlive2014-20140525/texlive/2014/texmf-di
st/tex/generic/tex4ht/xcolor.4ht
version 2009-05-21-09:32

(/home/local/Linux/rhel6/x86_64/stow/texlive2014-20140525/texlive/2014/texmf-di
st/tex/generic/tex4ht/color.4ht
version 2009-05-21-09:32
)
(/home/local/Linux/rhel6/x86_64/stow/texlive2014-20140525/texlive/2014/texmf-di
st/tex/generic/tex4ht/html4.4ht)
(/home/local/Linux/rhel6/x86_64/stow/texlive2014-20140525/texlive/2014/texmf-di
st/tex/generic/tex4ht/html4-math.4ht
version 2009-05-18-23:01
))
(/home/local/Linux/rhel6/x86_64/stow/texlive2014-20140525/texlive/2014/texmf-di
st/tex/generic/tex4ht/hyperref.4ht
version 2011-01-30-16:01

(/home/local/Linux/rhel6/x86_64/stow/texlive2014-20140525/texlive/2014/texmf-di
st/tex/latex/hyperref/nameref.sty
Package: nameref 2012/10/27 v2.43 Cross-referencing by name of section

(/home/local/Linux/rhel6/x86_64/stow/texlive2014-20140525/texlive/2014/texmf-di
st/tex/generic/oberdiek/gettitlestring.sty
Package: gettitlestring 2010/12/03 v1.4 Cleanup title references (HO)
)
\c@section@level=\count107
)
(/home/local/Linux/rhel6/x86_64/stow/texlive2014-20140525/texlive/2014/texmf-di
st/tex/generic/tex4ht/nameref.4ht
version 2013-06-28-15:01

(/home/local/Linux/rhel6/x86_64/stow/texlive2014-20140525/texlive/2014/texmf-di
st/tex/generic/tex4ht/html4.4ht)
(/home/local/Linux/rhel6/x86_64/stow/texlive2014-20140525/texlive/2014/texmf-di
st/tex/generic/tex4ht/html4-math.4ht
version 2009-05-18-23:01
))
LaTeX Info: Redefining \autoref on input line 100.
\Hy@SectionHShift=\skip49

(/home/local/Linux/rhel6/x86_64/stow/texlive2014-20140525/texlive/2014/texmf-di
st/tex/generic/tex4ht/html4.4ht)
(/home/local/Linux/rhel6/x86_64/stow/texlive2014-20140525/texlive/2014/texmf-di
st/tex/generic/tex4ht/html4-math.4ht
version 2009-05-18-23:01
))
(/home/local/Linux/rhel6/x86_64/stow/texlive2014-20140525/texlive/2014/texmf-di
st/tex/generic/tex4ht/pd1enc.4ht
version 2009-05-21-09:32

(/home/local/Linux/rhel6/x86_64/stow/texlive2014-20140525/texlive/2014/texmf-di
st/tex/generic/tex4ht/html4.4ht)
(/home/local/Linux/rhel6/x86_64/stow/texlive2014-20140525/texlive/2014/texmf-di
st/tex/generic/tex4ht/html4-math.4ht
version 2009-05-18-23:01
))
(/home/local/Linux/rhel6/x86_64/stow/texlive2014-20140525/texlive/2014/texmf-di
st/tex/generic/tex4ht/url.4ht
version 2009-05-21-09:32

(/home/local/Linux/rhel6/x86_64/stow/texlive2014-20140525/texlive/2014/texmf-di
st/tex/generic/tex4ht/html4.4ht
--------------------------------------
--- Note --- for URL encoding within href use the command line option `url-enc'

--------------------------------------
)
(/home/local/Linux/rhel6/x86_64/stow/texlive2014-20140525/texlive/2014/texmf-di
st/tex/generic/tex4ht/html4-math.4ht
version 2009-05-18-23:01
))
(/home/local/Linux/rhel6/x86_64/stow/texlive2014-20140525/texlive/2014/texmf-di
st/tex/generic/tex4ht/html4.4ht)
(/home/local/Linux/rhel6/x86_64/stow/texlive2014-20140525/texlive/2014/texmf-di
st/tex/generic/tex4ht/html4-math.4ht
version 2009-05-18-23:01
)) (./fussy.aux)
\openout1 = `fussy.aux'.

LaTeX Font Info:    Checking defaults for OML/cmm/m/it on input line 45.
LaTeX Font Info:    ... okay on input line 45.
LaTeX Font Info:    Checking defaults for T1/cmr/m/n on input line 45.
LaTeX Font Info:    ... okay on input line 45.
LaTeX Font Info:    Checking defaults for OT1/cmr/m/n on input line 45.
LaTeX Font Info:    ... okay on input line 45.
LaTeX Font Info:    Checking defaults for OMS/cmsy/m/n on input line 45.
LaTeX Font Info:    ... okay on input line 45.
LaTeX Font Info:    Checking defaults for OMX/cmex/m/n on input line 45.
LaTeX Font Info:    ... okay on input line 45.
LaTeX Font Info:    Checking defaults for U/cmr/m/n on input line 45.
LaTeX Font Info:    ... okay on input line 45.
LaTeX Font Info:    Checking defaults for PD1/pdf/m/n on input line 45.
LaTeX Font Info:    ... okay on input line 45.
LaTeX Font Info:    Try loading font information for OT1+ppl on input line 45.

(/home/local/Linux/rhel6/x86_64/stow/texlive2014-20140525/texlive/2014/texmf-di
st/tex/latex/psnfss/ot1ppl.fd
File: ot1ppl.fd 2001/06/04 font definitions for OT1/ppl.
)
\AtBeginShipoutBox=\box28
Package hyperref Info: Link coloring ON on input line 45.
LaTeX Info: Redefining \ref on input line 45.
LaTeX Info: Redefining \pageref on input line 45.
LaTeX Info: Redefining \nameref on input line 45.
--- file fussy.css ---
 [1

] [2]
LaTeX Font Info:    Try loading font information for OT1+pcr on input line 50.

(/home/local/Linux/rhel6/x86_64/stow/texlive2014-20140525/texlive/2014/texmf-di
st/tex/latex/psnfss/ot1pcr.fd
File: ot1pcr.fd 2001/06/04 font definitions for OT1/pcr.
)
--- file fussy2.html ---
LaTeX Font Info:    Font shape `OT1/ppl/bx/n' in size <10.95> not available
(Font)              Font shape `OT1/ppl/b/n' tried instead on input line 59.
--- file fussy3.html ---
 [3] [4]
LaTeX Font Info:    Font shape `OT1/ppl/bx/n' in size <17.28> not available
(Font)              Font shape `OT1/ppl/b/n' tried instead on input line 98.
 (./fussy.4ct) [5]
l. 116 Writing fussy.idv[1] (fussy0x.png)
l. 118 Writing fussy.idv[2] (fussy1x.png)
l. 118 Writing fussy.idv[3] (fussy2x.png)
l. 119 Writing fussy.idv[4] (fussy3x.png)


Package amsmath Warning: Foreign command \over;
(amsmath)                \frac or \genfrac should be used instead
(amsmath)                 on input line 120.

l. 124 Writing fussy.idv[5] (fussy4x.png)
l. 124 Writing fussy.idv[6] (fussy5x.png)
l. 125 Writing fussy.idv[7] (fussy6x.png)
l. 127 Writing fussy.idv[8] (fussy7x.png)
[6]
--- file fussy4.html ---
LaTeX Font Info:    Try loading font information for OMS+ppl on input line 173.


(/home/local/Linux/rhel6/x86_64/stow/texlive2014-20140525/texlive/2014/texmf-di
st/tex/latex/psnfss/omsppl.fd
File: omsppl.fd 
)
LaTeX Font Info:    Font shape `OMS/ppl/m/n' in size <10> not available
(Font)              Font shape `OMS/cmsy/m/n' tried instead on input line 173.
 [7

]
l. 249 Writing fussy.idv[9] (fussy8x.png)
 [8]
LaTeX Font Info:    Font shape `OT1/ppl/bx/n' in size <14.4> not available
(Font)              Font shape `OT1/ppl/b/n' tried instead on input line 271.
 [9] [10

]
l. 274 Writing fussy.idv[10] (fussy9x.png)
File: Figs/fig1.ps Graphic file (type eps)
 <Figs/fig1.ps> [11

]
LaTeX Font Info:    Font shape `OT1/ppl/bx/n' in size <12> not available
(Font)              Font shape `OT1/ppl/b/n' tried instead on input line 282.
LaTeX Font Info:    Try loading font information for OMS+pcr on input line 348.


(/home/local/Linux/rhel6/x86_64/stow/texlive2014-20140525/texlive/2014/texmf-di
st/tex/latex/psnfss/omspcr.fd
File: omspcr.fd 
)
LaTeX Font Info:    Font shape `OMS/pcr/m/n' in size <12> not available
(Font)              Font shape `OMS/cmsy/m/n' tried instead on input line 348.
 [12

]
LaTeX Font Info:    Font shape `OMS/ppl/m/n' in size <12> not available
(Font)              Font shape `OMS/cmsy/m/n' tried instead on input line 364.
 [13] [14] [15]
l. 443 Writing fussy.idv[11] (fussy10x.png)
l. 443 Writing fussy.idv[12] (fussy11x.png)
 [16] [17] [18] [19] [20]
[21]
l. 503 Writing fussy.idv[13] (fussy12x.png)
 [22] [23] [24] [25] [26] [27]
l. 582 Writing fussy.idv[14] (fussy13x.png)
 [28] [29]
l. 625 Writing fussy.idv[15] (fussy14x.png)
 [30]
l. 671 Writing fussy.idv[16] (fussy15x.png)
 [31]
l. 685 Writing fussy.idv[17] (fussy16x.png)
 [32] [33] [34

]
l. 725 Writing fussy.idv[18] (fussy17x.png)
File: Figs/fig2.ps Graphic file (type eps)

<Figs/fig2.ps> [35

] [36

]
l. 807 Writing fussy.idv[19] (fussy18x.png)
 [37]
l. 846 Writing fussy.idv[20] (fussy19x.png)
 [38] [39] [40] [41] [42] [43] [44] [45] [46]
[47] [48] [49] (./fussy.bbl [50])
Package atveryend Info: Empty hook `BeforeClearDocument' on input line 1154.
 [51]
Package atveryend Info: Empty hook `AfterLastShipout' on input line 1154.
 (./fussy.aux)
Package atveryend Info: Empty hook `AtVeryEndDocument' on input line 1154.
Package atveryend Info: Empty hook `AtEndAfterFileList' on input line 1154.
Package atveryend Info: Empty hook `AtVeryVeryEnd' on input line 1154.
 ) 
Here is how much of TeX's memory you used:
 10505 strings out of 493118
 149474 string characters out of 6115034
 357235 words of memory out of 5000000
 13750 multiletter control sequences out of 15000+600000
 13553 words of font info for 45 fonts, out of 8000000 for 9000
 1141 hyphenation exceptions out of 8191
 37i,15n,38p,769b,533s stack positions out of 5000i,500n,10000p,200000b,80000s

Output written on fussy.dvi (51 pages, 149704 bytes).
